{"D:\\programming\\@Algorithms-Typescript\\src\\algorithms\\Maths\\CoPrime\\CoPrime.ts": {"path":"D:\\programming\\@Algorithms-Typescript\\src\\algorithms\\Maths\\CoPrime\\CoPrime.ts","statementMap":{"0":{"start":{"line":20,"column":21},"end":{"line":25,"column":1}},"1":{"start":{"line":21,"column":2},"end":{"line":23,"column":null}},"2":{"start":{"line":22,"column":4},"end":{"line":22,"column":13}},"3":{"start":{"line":24,"column":2},"end":{"line":24,"column":32}},"4":{"start":{"line":29,"column":23},"end":{"line":35,"column":1}},"5":{"start":{"line":31,"column":2},"end":{"line":33,"column":null}},"6":{"start":{"line":32,"column":4},"end":{"line":32,"column":54}},"7":{"start":{"line":34,"column":2},"end":{"line":34,"column":55}},"8":{"start":{"line":29,"column":13},"end":{"line":29,"column":23}}},"fnMap":{"0":{"name":"(anonymous_0)","decl":{"start":{"line":20,"column":21},"end":{"line":20,"column":22}},"loc":{"start":{"line":20,"column":54},"end":{"line":25,"column":1}}},"1":{"name":"(anonymous_1)","decl":{"start":{"line":29,"column":23},"end":{"line":29,"column":24}},"loc":{"start":{"line":29,"column":90},"end":{"line":35,"column":1}}}},"branchMap":{"0":{"loc":{"start":{"line":21,"column":2},"end":{"line":23,"column":null}},"type":"if","locations":[{"start":{"line":21,"column":2},"end":{"line":23,"column":null}}]},"1":{"loc":{"start":{"line":31,"column":2},"end":{"line":33,"column":null}},"type":"if","locations":[{"start":{"line":31,"column":2},"end":{"line":33,"column":null}}]},"2":{"loc":{"start":{"line":31,"column":6},"end":{"line":31,"column":73}},"type":"binary-expr","locations":[{"start":{"line":31,"column":6},"end":{"line":31,"column":37}},{"start":{"line":31,"column":41},"end":{"line":31,"column":73}}]}},"s":{"0":0,"1":0,"2":0,"3":0,"4":0,"5":0,"6":0,"7":0,"8":0},"f":{"0":0,"1":0},"b":{"0":[0],"1":[0],"2":[0,0]}}
,"D:\\programming\\@Algorithms-Typescript\\src\\algorithms\\ciphers\\CaesarCipher\\CaesarCipher.ts": {"path":"D:\\programming\\@Algorithms-Typescript\\src\\algorithms\\ciphers\\CaesarCipher\\CaesarCipher.ts","statementMap":{"0":{"start":{"line":11,"column":28},"end":{"line":38,"column":1}},"1":{"start":{"line":12,"column":2},"end":{"line":14,"column":null}},"2":{"start":{"line":13,"column":4},"end":{"line":13,"column":48}},"3":{"start":{"line":16,"column":2},"end":{"line":16,"column":46}},"4":{"start":{"line":18,"column":20},"end":{"line":20,"column":71}},"5":{"start":{"line":20,"column":39},"end":{"line":20,"column":70}},"6":{"start":{"line":22,"column":20},"end":{"line":29,"column":null}},"7":{"start":{"line":24,"column":6},"end":{"line":26,"column":null}},"8":{"start":{"line":25,"column":8},"end":{"line":25,"column":72}},"9":{"start":{"line":27,"column":6},"end":{"line":27,"column":63}},"10":{"start":{"line":32,"column":2},"end":{"line":37,"column":5}},"11":{"start":{"line":33,"column":6},"end":{"line":35,"column":null}},"12":{"start":{"line":34,"column":8},"end":{"line":34,"column":69}},"13":{"start":{"line":36,"column":6},"end":{"line":36,"column":33}},"14":{"start":{"line":11,"column":13},"end":{"line":11,"column":28}}},"fnMap":{"0":{"name":"(anonymous_0)","decl":{"start":{"line":11,"column":28},"end":{"line":11,"column":29}},"loc":{"start":{"line":11,"column":95},"end":{"line":38,"column":1}}},"1":{"name":"(anonymous_1)","decl":{"start":{"line":20,"column":9},"end":{"line":20,"column":10}},"loc":{"start":{"line":20,"column":39},"end":{"line":20,"column":70}}},"2":{"name":"(anonymous_2)","decl":{"start":{"line":23,"column":4},"end":{"line":23,"column":5}},"loc":{"start":{"line":23,"column":25},"end":{"line":28,"column":5}}},"3":{"name":"(anonymous_3)","decl":{"start":{"line":32,"column":32},"end":{"line":32,"column":33}},"loc":{"start":{"line":32,"column":57},"end":{"line":37,"column":3}}}},"branchMap":{"0":{"loc":{"start":{"line":11,"column":60},"end":{"line":11,"column":83}},"type":"default-arg","locations":[{"start":{"line":11,"column":79},"end":{"line":11,"column":83}}]},"1":{"loc":{"start":{"line":12,"column":2},"end":{"line":14,"column":null}},"type":"if","locations":[{"start":{"line":12,"column":2},"end":{"line":14,"column":null}}]},"2":{"loc":{"start":{"line":12,"column":6},"end":{"line":12,"column":109}},"type":"binary-expr","locations":[{"start":{"line":12,"column":6},"end":{"line":12,"column":29}},{"start":{"line":12,"column":33},"end":{"line":12,"column":60}},{"start":{"line":12,"column":64},"end":{"line":12,"column":77}},{"start":{"line":12,"column":81},"end":{"line":12,"column":109}}]},"3":{"loc":{"start":{"line":16,"column":13},"end":{"line":16,"column":45}},"type":"cond-expr","locations":[{"start":{"line":16,"column":23},"end":{"line":16,"column":31}},{"start":{"line":16,"column":34},"end":{"line":16,"column":45}}]},"4":{"loc":{"start":{"line":24,"column":6},"end":{"line":26,"column":null}},"type":"if","locations":[{"start":{"line":24,"column":6},"end":{"line":26,"column":null}}]},"5":{"loc":{"start":{"line":33,"column":6},"end":{"line":35,"column":null}},"type":"if","locations":[{"start":{"line":33,"column":6},"end":{"line":35,"column":null}}]}},"s":{"0":0,"1":0,"2":0,"3":0,"4":0,"5":0,"6":0,"7":0,"8":0,"9":0,"10":0,"11":0,"12":0,"13":0,"14":0},"f":{"0":0,"1":0,"2":0,"3":0},"b":{"0":[0],"1":[0],"2":[0,0,0,0],"3":[0,0],"4":[0],"5":[0]}}
,"D:\\programming\\@Algorithms-Typescript\\src\\algorithms\\ciphers\\MorseCipher\\MorseCipher.ts": {"path":"D:\\programming\\@Algorithms-Typescript\\src\\algorithms\\ciphers\\MorseCipher\\MorseCipher.ts","statementMap":{"0":{"start":{"line":9,"column":27},"end":{"line":77,"column":1}},"1":{"start":{"line":15,"column":6},"end":{"line":52,"column":4}},"2":{"start":{"line":56,"column":6},"end":{"line":56,"column":8}},"3":{"start":{"line":58,"column":2},"end":{"line":60,"column":5}},"4":{"start":{"line":59,"column":4},"end":{"line":59,"column":31}},"5":{"start":{"line":62,"column":2},"end":{"line":74,"column":null}},"6":{"start":{"line":63,"column":17},"end":{"line":63,"column":19}},"7":{"start":{"line":64,"column":4},"end":{"line":72,"column":null}},"8":{"start":{"line":64,"column":17},"end":{"line":64,"column":18}},"9":{"start":{"line":65,"column":21},"end":{"line":65,"column":47}},"10":{"start":{"line":67,"column":6},"end":{"line":71,"column":null}},"11":{"start":{"line":68,"column":8},"end":{"line":68,"column":40}},"12":{"start":{"line":70,"column":8},"end":{"line":70,"column":22}},"13":{"start":{"line":73,"column":4},"end":{"line":73,"column":25}},"14":{"start":{"line":76,"column":2},"end":{"line":76,"column":24}},"15":{"start":{"line":9,"column":13},"end":{"line":9,"column":27}}},"fnMap":{"0":{"name":"(anonymous_0)","decl":{"start":{"line":9,"column":27},"end":{"line":9,"column":null}},"loc":{"start":{"line":12,"column":12},"end":{"line":77,"column":1}}},"1":{"name":"(anonymous_1)","decl":{"start":{"line":58,"column":31},"end":{"line":58,"column":32}},"loc":{"start":{"line":58,"column":47},"end":{"line":60,"column":3}}}},"branchMap":{"0":{"loc":{"start":{"line":62,"column":2},"end":{"line":74,"column":null}},"type":"if","locations":[{"start":{"line":62,"column":2},"end":{"line":74,"column":null}}]},"1":{"loc":{"start":{"line":67,"column":6},"end":{"line":71,"column":null}},"type":"if","locations":[{"start":{"line":67,"column":6},"end":{"line":71,"column":null}},{"start":{"line":69,"column":13},"end":{"line":71,"column":null}}]}},"s":{"0":0,"1":0,"2":0,"3":0,"4":0,"5":0,"6":0,"7":0,"8":0,"9":0,"10":0,"11":0,"12":0,"13":0,"14":0,"15":0},"f":{"0":0,"1":0},"b":{"0":[0],"1":[0,0]}}
,"D:\\programming\\@Algorithms-Typescript\\src\\algorithms\\search\\BinarySearch\\BinarySearch.ts": {"path":"D:\\programming\\@Algorithms-Typescript\\src\\algorithms\\search\\BinarySearch\\BinarySearch.ts","statementMap":{"0":{"start":{"line":13,"column":37},"end":{"line":36,"column":1}},"1":{"start":{"line":14,"column":2},"end":{"line":14,"column":null}},"2":{"start":{"line":14,"column":27},"end":{"line":14,"column":37}},"3":{"start":{"line":17,"column":14},"end":{"line":17,"column":15}},"4":{"start":{"line":18,"column":12},"end":{"line":18,"column":28}},"5":{"start":{"line":19,"column":15},"end":{"line":19,"column":33}},"6":{"start":{"line":22,"column":2},"end":{"line":22,"column":null}},"7":{"start":{"line":22,"column":53},"end":{"line":22,"column":63}},"8":{"start":{"line":24,"column":2},"end":{"line":33,"column":null}},"9":{"start":{"line":27,"column":6},"end":{"line":30,"column":null}},"10":{"start":{"line":28,"column":11},"end":{"line":28,"column":28}},"11":{"start":{"line":30,"column":11},"end":{"line":30,"column":30}},"12":{"start":{"line":32,"column":6},"end":{"line":32,"column":34}},"13":{"start":{"line":35,"column":2},"end":{"line":35,"column":48}},"14":{"start":{"line":13,"column":13},"end":{"line":13,"column":37}},"15":{"start":{"line":39,"column":37},"end":{"line":55,"column":1}},"16":{"start":{"line":40,"column":2},"end":{"line":40,"column":null}},"17":{"start":{"line":40,"column":27},"end":{"line":40,"column":37}},"18":{"start":{"line":43,"column":2},"end":{"line":43,"column":null}},"19":{"start":{"line":43,"column":53},"end":{"line":43,"column":63}},"20":{"start":{"line":45,"column":17},"end":{"line":45,"column":35}},"21":{"start":{"line":47,"column":2},"end":{"line":47,"column":49}},"22":{"start":{"line":47,"column":33},"end":{"line":47,"column":47}},"23":{"start":{"line":48,"column":2},"end":{"line":48,"column":32}},"24":{"start":{"line":48,"column":20},"end":{"line":48,"column":30}},"25":{"start":{"line":52,"column":2},"end":{"line":54,"column":62}},"26":{"start":{"line":39,"column":13},"end":{"line":39,"column":37}}},"fnMap":{"0":{"name":"(anonymous_0)","decl":{"start":{"line":13,"column":37},"end":{"line":13,"column":38}},"loc":{"start":{"line":13,"column":81},"end":{"line":36,"column":1}}},"1":{"name":"(anonymous_1)","decl":{"start":{"line":39,"column":37},"end":{"line":39,"column":38}},"loc":{"start":{"line":39,"column":116},"end":{"line":55,"column":1}}}},"branchMap":{"0":{"loc":{"start":{"line":14,"column":2},"end":{"line":14,"column":null}},"type":"if","locations":[{"start":{"line":14,"column":2},"end":{"line":14,"column":null}}]},"1":{"loc":{"start":{"line":22,"column":2},"end":{"line":22,"column":null}},"type":"if","locations":[{"start":{"line":22,"column":2},"end":{"line":22,"column":null}}]},"2":{"loc":{"start":{"line":22,"column":6},"end":{"line":22,"column":50}},"type":"binary-expr","locations":[{"start":{"line":22,"column":6},"end":{"line":22,"column":27}},{"start":{"line":22,"column":31},"end":{"line":22,"column":50}}]},"3":{"loc":{"start":{"line":24,"column":9},"end":{"line":24,"column":49}},"type":"binary-expr","locations":[{"start":{"line":24,"column":9},"end":{"line":24,"column":33}},{"start":{"line":24,"column":37},"end":{"line":24,"column":49}}]},"4":{"loc":{"start":{"line":27,"column":6},"end":{"line":30,"column":null}},"type":"if","locations":[{"start":{"line":27,"column":6},"end":{"line":30,"column":null}},{"start":{"line":30,"column":10},"end":{"line":30,"column":null}}]},"5":{"loc":{"start":{"line":35,"column":9},"end":{"line":35,"column":47}},"type":"cond-expr","locations":[{"start":{"line":35,"column":36},"end":{"line":35,"column":42}},{"start":{"line":35,"column":45},"end":{"line":35,"column":47}}]},"6":{"loc":{"start":{"line":39,"column":71},"end":{"line":39,"column":80}},"type":"default-arg","locations":[{"start":{"line":39,"column":79},"end":{"line":39,"column":80}}]},"7":{"loc":{"start":{"line":39,"column":82},"end":{"line":39,"column":104}},"type":"default-arg","locations":[{"start":{"line":39,"column":88},"end":{"line":39,"column":104}}]},"8":{"loc":{"start":{"line":40,"column":2},"end":{"line":40,"column":null}},"type":"if","locations":[{"start":{"line":40,"column":2},"end":{"line":40,"column":null}}]},"9":{"loc":{"start":{"line":43,"column":2},"end":{"line":43,"column":null}},"type":"if","locations":[{"start":{"line":43,"column":2},"end":{"line":43,"column":null}}]},"10":{"loc":{"start":{"line":43,"column":6},"end":{"line":43,"column":50}},"type":"binary-expr","locations":[{"start":{"line":43,"column":6},"end":{"line":43,"column":27}},{"start":{"line":43,"column":31},"end":{"line":43,"column":50}}]},"11":{"loc":{"start":{"line":47,"column":2},"end":{"line":47,"column":49}},"type":"if","locations":[{"start":{"line":47,"column":2},"end":{"line":47,"column":49}}]},"12":{"loc":{"start":{"line":48,"column":2},"end":{"line":48,"column":32}},"type":"if","locations":[{"start":{"line":48,"column":2},"end":{"line":48,"column":32}}]},"13":{"loc":{"start":{"line":52,"column":9},"end":{"line":54,"column":61}},"type":"cond-expr","locations":[{"start":{"line":53,"column":8},"end":{"line":53,"column":63}},{"start":{"line":54,"column":8},"end":{"line":54,"column":61}}]}},"s":{"0":0,"1":0,"2":0,"3":0,"4":0,"5":0,"6":0,"7":0,"8":0,"9":0,"10":0,"11":0,"12":0,"13":0,"14":0,"15":0,"16":0,"17":0,"18":0,"19":0,"20":0,"21":0,"22":0,"23":0,"24":0,"25":0,"26":0},"f":{"0":0,"1":0},"b":{"0":[0],"1":[0],"2":[0,0],"3":[0,0],"4":[0,0],"5":[0,0],"6":[0],"7":[0],"8":[0],"9":[0],"10":[0,0],"11":[0],"12":[0],"13":[0,0]}}
,"D:\\programming\\@Algorithms-Typescript\\src\\algorithms\\search\\DoubleLinearSearchRecursion\\DoubleLinearSearchRecursion.ts": {"path":"D:\\programming\\@Algorithms-Typescript\\src\\algorithms\\search\\DoubleLinearSearchRecursion\\DoubleLinearSearchRecursion.ts","statementMap":{"0":{"start":{"line":12,"column":43},"end":{"line":28,"column":1}},"1":{"start":{"line":18,"column":2},"end":{"line":18,"column":40}},"2":{"start":{"line":19,"column":2},"end":{"line":27,"column":null}},"3":{"start":{"line":20,"column":4},"end":{"line":20,"column":14}},"4":{"start":{"line":21,"column":9},"end":{"line":27,"column":null}},"5":{"start":{"line":22,"column":4},"end":{"line":22,"column":16}},"6":{"start":{"line":23,"column":9},"end":{"line":27,"column":null}},"7":{"start":{"line":24,"column":4},"end":{"line":24,"column":17}},"8":{"start":{"line":26,"column":4},"end":{"line":26,"column":78}},"9":{"start":{"line":12,"column":13},"end":{"line":12,"column":43}}},"fnMap":{"0":{"name":"(anonymous_0)","decl":{"start":{"line":12,"column":43},"end":{"line":12,"column":null}},"loc":{"start":{"line":17,"column":12},"end":{"line":28,"column":1}}}},"branchMap":{"0":{"loc":{"start":{"line":15,"column":2},"end":{"line":15,"column":18}},"type":"default-arg","locations":[{"start":{"line":15,"column":17},"end":{"line":15,"column":18}}]},"1":{"loc":{"start":{"line":16,"column":2},"end":{"line":16,"column":19}},"type":"default-arg","locations":[{"start":{"line":16,"column":18},"end":{"line":16,"column":19}}]},"2":{"loc":{"start":{"line":18,"column":10},"end":{"line":18,"column":39}},"type":"binary-expr","locations":[{"start":{"line":18,"column":10},"end":{"line":18,"column":15}},{"start":{"line":18,"column":19},"end":{"line":18,"column":39}}]},"3":{"loc":{"start":{"line":19,"column":2},"end":{"line":27,"column":null}},"type":"if","locations":[{"start":{"line":19,"column":2},"end":{"line":27,"column":null}},{"start":{"line":21,"column":9},"end":{"line":27,"column":null}}]},"4":{"loc":{"start":{"line":21,"column":9},"end":{"line":27,"column":null}},"type":"if","locations":[{"start":{"line":21,"column":9},"end":{"line":27,"column":null}},{"start":{"line":23,"column":9},"end":{"line":27,"column":null}}]},"5":{"loc":{"start":{"line":23,"column":9},"end":{"line":27,"column":null}},"type":"if","locations":[{"start":{"line":23,"column":9},"end":{"line":27,"column":null}},{"start":{"line":25,"column":9},"end":{"line":27,"column":null}}]}},"s":{"0":0,"1":0,"2":0,"3":0,"4":0,"5":0,"6":0,"7":0,"8":0,"9":0},"f":{"0":0},"b":{"0":[0],"1":[0],"2":[0,0],"3":[0,0],"4":[0,0],"5":[0,0]}}
,"D:\\programming\\@Algorithms-Typescript\\src\\algorithms\\sorts\\GnomeSort\\GnomeSort.ts": {"path":"D:\\programming\\@Algorithms-Typescript\\src\\algorithms\\sorts\\GnomeSort\\GnomeSort.ts","statementMap":{"0":{"start":{"line":8,"column":25},"end":{"line":22,"column":1}},"1":{"start":{"line":9,"column":2},"end":{"line":11,"column":null}},"2":{"start":{"line":10,"column":4},"end":{"line":10,"column":15}},"3":{"start":{"line":12,"column":18},"end":{"line":12,"column":19}},"4":{"start":{"line":13,"column":2},"end":{"line":20,"column":null}},"5":{"start":{"line":14,"column":4},"end":{"line":19,"column":null}},"6":{"start":{"line":15,"column":6},"end":{"line":15,"column":10}},"7":{"start":{"line":17,"column":6},"end":{"line":17,"column":50}},"8":{"start":{"line":18,"column":6},"end":{"line":18,"column":29}},"9":{"start":{"line":21,"column":2},"end":{"line":21,"column":13}},"10":{"start":{"line":8,"column":13},"end":{"line":8,"column":25}}},"fnMap":{"0":{"name":"(anonymous_0)","decl":{"start":{"line":8,"column":25},"end":{"line":8,"column":26}},"loc":{"start":{"line":8,"column":53},"end":{"line":22,"column":1}}}},"branchMap":{"0":{"loc":{"start":{"line":9,"column":2},"end":{"line":11,"column":null}},"type":"if","locations":[{"start":{"line":9,"column":2},"end":{"line":11,"column":null}}]},"1":{"loc":{"start":{"line":14,"column":4},"end":{"line":19,"column":null}},"type":"if","locations":[{"start":{"line":14,"column":4},"end":{"line":19,"column":null}},{"start":{"line":16,"column":11},"end":{"line":19,"column":null}}]}},"s":{"0":0,"1":0,"2":0,"3":0,"4":0,"5":0,"6":0,"7":0,"8":0,"9":0,"10":0},"f":{"0":0},"b":{"0":[0],"1":[0,0]}}
,"D:\\programming\\@Algorithms-Typescript\\src\\algorithms\\sorts\\QuickSort\\QuickSort.ts": {"path":"D:\\programming\\@Algorithms-Typescript\\src\\algorithms\\sorts\\QuickSort\\QuickSort.ts","statementMap":{"0":{"start":{"line":10,"column":25},"end":{"line":30,"column":1}},"1":{"start":{"line":17,"column":2},"end":{"line":27,"column":null}},"2":{"start":{"line":18,"column":4},"end":{"line":18,"column":42}},"3":{"start":{"line":20,"column":4},"end":{"line":22,"column":null}},"4":{"start":{"line":21,"column":6},"end":{"line":21,"column":40}},"5":{"start":{"line":24,"column":4},"end":{"line":26,"column":null}},"6":{"start":{"line":25,"column":6},"end":{"line":25,"column":37}},"7":{"start":{"line":29,"column":2},"end":{"line":29,"column":15}},"8":{"start":{"line":10,"column":13},"end":{"line":10,"column":25}},"9":{"start":{"line":33,"column":16},"end":{"line":33,"column":53}},"10":{"start":{"line":34,"column":10},"end":{"line":34,"column":14}},"11":{"start":{"line":35,"column":10},"end":{"line":35,"column":15}},"12":{"start":{"line":37,"column":2},"end":{"line":51,"column":null}},"13":{"start":{"line":38,"column":4},"end":{"line":40,"column":null}},"14":{"start":{"line":39,"column":6},"end":{"line":39,"column":10}},"15":{"start":{"line":42,"column":4},"end":{"line":44,"column":null}},"16":{"start":{"line":43,"column":6},"end":{"line":43,"column":10}},"17":{"start":{"line":46,"column":4},"end":{"line":50,"column":null}},"18":{"start":{"line":47,"column":6},"end":{"line":47,"column":50}},"19":{"start":{"line":48,"column":6},"end":{"line":48,"column":10}},"20":{"start":{"line":49,"column":6},"end":{"line":49,"column":10}},"21":{"start":{"line":52,"column":2},"end":{"line":52,"column":11}}},"fnMap":{"0":{"name":"(anonymous_0)","decl":{"start":{"line":10,"column":25},"end":{"line":10,"column":null}},"loc":{"start":{"line":14,"column":14},"end":{"line":30,"column":1}}},"1":{"name":"partition","decl":{"start":{"line":32,"column":9},"end":{"line":32,"column":18}},"loc":{"start":{"line":32,"column":63},"end":{"line":53,"column":1}}}},"branchMap":{"0":{"loc":{"start":{"line":17,"column":2},"end":{"line":27,"column":null}},"type":"if","locations":[{"start":{"line":17,"column":2},"end":{"line":27,"column":null}}]},"1":{"loc":{"start":{"line":20,"column":4},"end":{"line":22,"column":null}},"type":"if","locations":[{"start":{"line":20,"column":4},"end":{"line":22,"column":null}}]},"2":{"loc":{"start":{"line":24,"column":4},"end":{"line":26,"column":null}},"type":"if","locations":[{"start":{"line":24,"column":4},"end":{"line":26,"column":null}}]},"3":{"loc":{"start":{"line":46,"column":4},"end":{"line":50,"column":null}},"type":"if","locations":[{"start":{"line":46,"column":4},"end":{"line":50,"column":null}}]}},"s":{"0":0,"1":0,"2":0,"3":0,"4":0,"5":0,"6":0,"7":0,"8":0,"9":0,"10":0,"11":0,"12":0,"13":0,"14":0,"15":0,"16":0,"17":0,"18":0,"19":0,"20":0,"21":0},"f":{"0":0,"1":0},"b":{"0":[0],"1":[0],"2":[0],"3":[0]}}
,"D:\\programming\\@Algorithms-Typescript\\src\\dataStructures\\linkedList\\linkedList.ts": {"path":"D:\\programming\\@Algorithms-Typescript\\src\\dataStructures\\linkedList\\linkedList.ts","statementMap":{"0":{"start":{"line":1,"column":0},"end":{"line":1,"column":67}},"1":{"start":{"line":7,"column":4},"end":{"line":7,"column":21}},"2":{"start":{"line":8,"column":4},"end":{"line":8,"column":21}},"3":{"start":{"line":16,"column":20},"end":{"line":16,"column":48}},"4":{"start":{"line":17,"column":4},"end":{"line":22,"column":null}},"5":{"start":{"line":18,"column":6},"end":{"line":18,"column":26}},"6":{"start":{"line":19,"column":6},"end":{"line":19,"column":26}},"7":{"start":{"line":21,"column":6},"end":{"line":21,"column":18}},"8":{"start":{"line":24,"column":4},"end":{"line":26,"column":null}},"9":{"start":{"line":25,"column":6},"end":{"line":25,"column":31}},"10":{"start":{"line":28,"column":4},"end":{"line":28,"column":24}},"11":{"start":{"line":30,"column":4},"end":{"line":30,"column":16}},"12":{"start":{"line":38,"column":20},"end":{"line":38,"column":56}},"13":{"start":{"line":39,"column":4},"end":{"line":39,"column":24}},"14":{"start":{"line":41,"column":4},"end":{"line":43,"column":null}},"15":{"start":{"line":42,"column":6},"end":{"line":42,"column":26}},"16":{"start":{"line":45,"column":4},"end":{"line":45,"column":16}},"17":{"start":{"line":52,"column":18},"end":{"line":52,"column":20}},"18":{"start":{"line":54,"column":22},"end":{"line":54,"column":31}},"19":{"start":{"line":55,"column":4},"end":{"line":58,"column":null}},"20":{"start":{"line":56,"column":6},"end":{"line":56,"column":30}},"21":{"start":{"line":57,"column":6},"end":{"line":57,"column":37}},"22":{"start":{"line":60,"column":4},"end":{"line":60,"column":17}},"23":{"start":{"line":67,"column":4},"end":{"line":69,"column":18}},"24":{"start":{"line":68,"column":21},"end":{"line":68,"column":44}},"25":{"start":{"line":3,"column":0},"end":{"line":3,"column":13}}},"fnMap":{"0":{"name":"(anonymous_0)","decl":{"start":{"line":6,"column":2},"end":{"line":6,"column":null}},"loc":{"start":{"line":6,"column":2},"end":{"line":9,"column":3}}},"1":{"name":"(anonymous_1)","decl":{"start":{"line":15,"column":2},"end":{"line":15,"column":8}},"loc":{"start":{"line":15,"column":20},"end":{"line":31,"column":3}}},"2":{"name":"(anonymous_2)","decl":{"start":{"line":37,"column":2},"end":{"line":37,"column":9}},"loc":{"start":{"line":37,"column":21},"end":{"line":46,"column":3}}},"3":{"name":"(anonymous_3)","decl":{"start":{"line":51,"column":2},"end":{"line":51,"column":9}},"loc":{"start":{"line":51,"column":9},"end":{"line":61,"column":3}}},"4":{"name":"(anonymous_4)","decl":{"start":{"line":66,"column":2},"end":{"line":66,"column":10}},"loc":{"start":{"line":66,"column":48},"end":{"line":70,"column":3}}},"5":{"name":"(anonymous_5)","decl":{"start":{"line":68,"column":11},"end":{"line":68,"column":12}},"loc":{"start":{"line":68,"column":21},"end":{"line":68,"column":44}}}},"branchMap":{"0":{"loc":{"start":{"line":17,"column":4},"end":{"line":22,"column":null}},"type":"if","locations":[{"start":{"line":17,"column":4},"end":{"line":22,"column":null}}]},"1":{"loc":{"start":{"line":17,"column":8},"end":{"line":17,"column":32}},"type":"binary-expr","locations":[{"start":{"line":17,"column":8},"end":{"line":17,"column":18}},{"start":{"line":17,"column":22},"end":{"line":17,"column":32}}]},"2":{"loc":{"start":{"line":24,"column":4},"end":{"line":26,"column":null}},"type":"if","locations":[{"start":{"line":24,"column":4},"end":{"line":26,"column":null}}]},"3":{"loc":{"start":{"line":41,"column":4},"end":{"line":43,"column":null}},"type":"if","locations":[{"start":{"line":41,"column":4},"end":{"line":43,"column":null}}]}},"s":{"0":0,"1":0,"2":0,"3":0,"4":0,"5":0,"6":0,"7":0,"8":0,"9":0,"10":0,"11":0,"12":0,"13":0,"14":0,"15":0,"16":0,"17":0,"18":0,"19":0,"20":0,"21":0,"22":0,"23":0,"24":0,"25":0},"f":{"0":0,"1":0,"2":0,"3":0,"4":0,"5":0},"b":{"0":[0],"1":[0,0],"2":[0],"3":[0]}}
,"D:\\programming\\@Algorithms-Typescript\\src\\dataStructures\\linkedList\\linkedListNode.ts": {"path":"D:\\programming\\@Algorithms-Typescript\\src\\dataStructures\\linkedList\\linkedListNode.ts","statementMap":{"0":{"start":{"line":11,"column":4},"end":{"line":11,"column":23}},"1":{"start":{"line":12,"column":4},"end":{"line":12,"column":21}},"2":{"start":{"line":16,"column":4},"end":{"line":16,"column":61}},"3":{"start":{"line":7,"column":0},"end":{"line":7,"column":13}}},"fnMap":{"0":{"name":"(anonymous_0)","decl":{"start":{"line":10,"column":2},"end":{"line":10,"column":14}},"loc":{"start":{"line":10,"column":62},"end":{"line":13,"column":3}}},"1":{"name":"(anonymous_1)","decl":{"start":{"line":15,"column":2},"end":{"line":15,"column":10}},"loc":{"start":{"line":15,"column":43},"end":{"line":17,"column":3}}}},"branchMap":{"0":{"loc":{"start":{"line":10,"column":24},"end":{"line":10,"column":62}},"type":"default-arg","locations":[{"start":{"line":10,"column":58},"end":{"line":10,"column":62}}]},"1":{"loc":{"start":{"line":16,"column":11},"end":{"line":16,"column":60}},"type":"cond-expr","locations":[{"start":{"line":16,"column":22},"end":{"line":16,"column":42}},{"start":{"line":16,"column":45},"end":{"line":16,"column":60}}]}},"s":{"0":0,"1":0,"2":0,"3":0},"f":{"0":0,"1":0},"b":{"0":[0],"1":[0,0]}}
,"D:\\programming\\@Algorithms-Typescript\\src\\utils\\Comparator.ts": {"path":"D:\\programming\\@Algorithms-Typescript\\src\\utils\\Comparator.ts","statementMap":{"0":{"start":{"line":9,"column":4},"end":{"line":9,"column":72}},"1":{"start":{"line":19,"column":4},"end":{"line":21,"column":null}},"2":{"start":{"line":20,"column":6},"end":{"line":20,"column":15}},"3":{"start":{"line":23,"column":4},"end":{"line":23,"column":26}},"4":{"start":{"line":33,"column":4},"end":{"line":33,"column":36}},"5":{"start":{"line":43,"column":4},"end":{"line":43,"column":34}},"6":{"start":{"line":53,"column":4},"end":{"line":53,"column":34}},"7":{"start":{"line":63,"column":4},"end":{"line":63,"column":51}},"8":{"start":{"line":73,"column":4},"end":{"line":73,"column":54}},"9":{"start":{"line":80,"column":28},"end":{"line":80,"column":40}},"10":{"start":{"line":81,"column":4},"end":{"line":81,"column":61}},"11":{"start":{"line":81,"column":39},"end":{"line":81,"column":60}},"12":{"start":{"line":2,"column":0},"end":{"line":2,"column":21}}},"fnMap":{"0":{"name":"(anonymous_0)","decl":{"start":{"line":8,"column":2},"end":{"line":8,"column":14}},"loc":{"start":{"line":8,"column":61},"end":{"line":10,"column":3}}},"1":{"name":"(anonymous_1)","decl":{"start":{"line":18,"column":2},"end":{"line":18,"column":8}},"loc":{"start":{"line":18,"column":52},"end":{"line":24,"column":3}}},"2":{"name":"(anonymous_2)","decl":{"start":{"line":32,"column":2},"end":{"line":32,"column":7}},"loc":{"start":{"line":32,"column":22},"end":{"line":34,"column":3}}},"3":{"name":"(anonymous_3)","decl":{"start":{"line":42,"column":2},"end":{"line":42,"column":10}},"loc":{"start":{"line":42,"column":25},"end":{"line":44,"column":3}}},"4":{"name":"(anonymous_4)","decl":{"start":{"line":52,"column":2},"end":{"line":52,"column":13}},"loc":{"start":{"line":52,"column":28},"end":{"line":54,"column":3}}},"5":{"name":"(anonymous_5)","decl":{"start":{"line":62,"column":2},"end":{"line":62,"column":17}},"loc":{"start":{"line":62,"column":32},"end":{"line":64,"column":3}}},"6":{"name":"(anonymous_6)","decl":{"start":{"line":72,"column":2},"end":{"line":72,"column":20}},"loc":{"start":{"line":72,"column":35},"end":{"line":74,"column":3}}},"7":{"name":"(anonymous_7)","decl":{"start":{"line":79,"column":2},"end":{"line":79,"column":9}},"loc":{"start":{"line":79,"column":9},"end":{"line":82,"column":3}}},"8":{"name":"(anonymous_8)","decl":{"start":{"line":81,"column":19},"end":{"line":81,"column":20}},"loc":{"start":{"line":81,"column":39},"end":{"line":81,"column":60}}}},"branchMap":{"0":{"loc":{"start":{"line":9,"column":19},"end":{"line":9,"column":71}},"type":"binary-expr","locations":[{"start":{"line":9,"column":19},"end":{"line":9,"column":34}},{"start":{"line":9,"column":38},"end":{"line":9,"column":71}}]},"1":{"loc":{"start":{"line":19,"column":4},"end":{"line":21,"column":null}},"type":"if","locations":[{"start":{"line":19,"column":4},"end":{"line":21,"column":null}}]},"2":{"loc":{"start":{"line":23,"column":11},"end":{"line":23,"column":25}},"type":"cond-expr","locations":[{"start":{"line":23,"column":19},"end":{"line":23,"column":21}},{"start":{"line":23,"column":24},"end":{"line":23,"column":25}}]},"3":{"loc":{"start":{"line":63,"column":11},"end":{"line":63,"column":50}},"type":"binary-expr","locations":[{"start":{"line":63,"column":11},"end":{"line":63,"column":30}},{"start":{"line":63,"column":34},"end":{"line":63,"column":50}}]},"4":{"loc":{"start":{"line":73,"column":11},"end":{"line":73,"column":53}},"type":"binary-expr","locations":[{"start":{"line":73,"column":11},"end":{"line":73,"column":33}},{"start":{"line":73,"column":37},"end":{"line":73,"column":53}}]}},"s":{"0":0,"1":0,"2":0,"3":0,"4":0,"5":0,"6":0,"7":0,"8":0,"9":0,"10":0,"11":0,"12":0},"f":{"0":0,"1":0,"2":0,"3":0,"4":0,"5":0,"6":0,"7":0,"8":0},"b":{"0":[0,0],"1":[0],"2":[0,0],"3":[0,0],"4":[0,0]}}
}
