TN:
SF:src\algorithms\Maths\CoPrime\CoPrime.ts
FN:20,(anonymous_0)
FN:29,(anonymous_1)
FNF:2
FNH:0
FNDA:0,(anonymous_0)
FNDA:0,(anonymous_1)
DA:20,0
DA:21,0
DA:22,0
DA:24,0
DA:29,0
DA:31,0
DA:32,0
DA:34,0
LF:8
LH:0
BRDA:21,0,0,0
BRDA:31,1,0,0
BRDA:31,2,0,0
BRDA:31,2,1,0
BRF:4
BRH:0
end_of_record
TN:
SF:src\algorithms\ciphers\CaesarCipher\CaesarCipher.ts
FN:11,(anonymous_0)
FN:20,(anonymous_1)
FN:23,(anonymous_2)
FN:32,(anonymous_3)
FNF:4
FNH:0
FNDA:0,(anonymous_0)
FNDA:0,(anonymous_1)
FNDA:0,(anonymous_2)
FNDA:0,(anonymous_3)
DA:11,0
DA:12,0
DA:13,0
DA:16,0
DA:18,0
DA:20,0
DA:22,0
DA:24,0
DA:25,0
DA:27,0
DA:32,0
DA:33,0
DA:34,0
DA:36,0
LF:14
LH:0
BRDA:11,0,0,0
BRDA:12,1,0,0
BRDA:12,2,0,0
BRDA:12,2,1,0
BRDA:12,2,2,0
BRDA:12,2,3,0
BRDA:16,3,0,0
BRDA:16,3,1,0
BRDA:24,4,0,0
BRDA:33,5,0,0
BRF:10
BRH:0
end_of_record
TN:
SF:src\algorithms\ciphers\MorseCipher\MorseCipher.ts
FN:9,(anonymous_0)
FN:58,(anonymous_1)
FNF:2
FNH:0
FNDA:0,(anonymous_0)
FNDA:0,(anonymous_1)
DA:9,0
DA:15,0
DA:56,0
DA:58,0
DA:59,0
DA:62,0
DA:63,0
DA:64,0
DA:65,0
DA:67,0
DA:68,0
DA:70,0
DA:73,0
DA:76,0
LF:14
LH:0
BRDA:62,0,0,0
BRDA:67,1,0,0
BRDA:67,1,1,0
BRF:3
BRH:0
end_of_record
TN:
SF:src\algorithms\search\BinarySearch\BinarySearch.ts
FN:13,(anonymous_0)
FN:39,(anonymous_1)
FNF:2
FNH:0
FNDA:0,(anonymous_0)
FNDA:0,(anonymous_1)
DA:13,0
DA:14,0
DA:17,0
DA:18,0
DA:19,0
DA:22,0
DA:24,0
DA:27,0
DA:28,0
DA:30,0
DA:32,0
DA:35,0
DA:39,0
DA:40,0
DA:43,0
DA:45,0
DA:47,0
DA:48,0
DA:52,0
LF:19
LH:0
BRDA:14,0,0,0
BRDA:22,1,0,0
BRDA:22,2,0,0
BRDA:22,2,1,0
BRDA:24,3,0,0
BRDA:24,3,1,0
BRDA:27,4,0,0
BRDA:27,4,1,0
BRDA:35,5,0,0
BRDA:35,5,1,0
BRDA:39,6,0,0
BRDA:39,7,0,0
BRDA:40,8,0,0
BRDA:43,9,0,0
BRDA:43,10,0,0
BRDA:43,10,1,0
BRDA:47,11,0,0
BRDA:48,12,0,0
BRDA:52,13,0,0
BRDA:52,13,1,0
BRF:20
BRH:0
end_of_record
TN:
SF:src\algorithms\search\DoubleLinearSearchRecursion\DoubleLinearSearchRecursion.ts
FN:12,(anonymous_0)
FNF:1
FNH:0
FNDA:0,(anonymous_0)
DA:12,0
DA:18,0
DA:19,0
DA:20,0
DA:21,0
DA:22,0
DA:23,0
DA:24,0
DA:26,0
LF:9
LH:0
BRDA:15,0,0,0
BRDA:16,1,0,0
BRDA:18,2,0,0
BRDA:18,2,1,0
BRDA:19,3,0,0
BRDA:19,3,1,0
BRDA:21,4,0,0
BRDA:21,4,1,0
BRDA:23,5,0,0
BRDA:23,5,1,0
BRF:10
BRH:0
end_of_record
TN:
SF:src\algorithms\sorts\GnomeSort\GnomeSort.ts
FN:8,(anonymous_0)
FNF:1
FNH:0
FNDA:0,(anonymous_0)
DA:8,0
DA:9,0
DA:10,0
DA:12,0
DA:13,0
DA:14,0
DA:15,0
DA:17,0
DA:18,0
DA:21,0
LF:10
LH:0
BRDA:9,0,0,0
BRDA:14,1,0,0
BRDA:14,1,1,0
BRF:3
BRH:0
end_of_record
TN:
SF:src\algorithms\sorts\QuickSort\QuickSort.ts
FN:10,(anonymous_0)
FN:32,partition
FNF:2
FNH:0
FNDA:0,(anonymous_0)
FNDA:0,partition
DA:10,0
DA:17,0
DA:18,0
DA:20,0
DA:21,0
DA:24,0
DA:25,0
DA:29,0
DA:33,0
DA:34,0
DA:35,0
DA:37,0
DA:38,0
DA:39,0
DA:42,0
DA:43,0
DA:46,0
DA:47,0
DA:48,0
DA:49,0
DA:52,0
LF:21
LH:0
BRDA:17,0,0,0
BRDA:20,1,0,0
BRDA:24,2,0,0
BRDA:46,3,0,0
BRF:4
BRH:0
end_of_record
TN:
SF:src\dataStructures\linkedList\linkedList.ts
FN:6,(anonymous_0)
FN:15,(anonymous_1)
FN:37,(anonymous_2)
FN:51,(anonymous_3)
FN:66,(anonymous_4)
FN:68,(anonymous_5)
FNF:6
FNH:0
FNDA:0,(anonymous_0)
FNDA:0,(anonymous_1)
FNDA:0,(anonymous_2)
FNDA:0,(anonymous_3)
FNDA:0,(anonymous_4)
FNDA:0,(anonymous_5)
DA:1,0
DA:3,0
DA:7,0
DA:8,0
DA:16,0
DA:17,0
DA:18,0
DA:19,0
DA:21,0
DA:24,0
DA:25,0
DA:28,0
DA:30,0
DA:38,0
DA:39,0
DA:41,0
DA:42,0
DA:45,0
DA:52,0
DA:54,0
DA:55,0
DA:56,0
DA:57,0
DA:60,0
DA:67,0
DA:68,0
LF:26
LH:0
BRDA:17,0,0,0
BRDA:17,1,0,0
BRDA:17,1,1,0
BRDA:24,2,0,0
BRDA:41,3,0,0
BRF:5
BRH:0
end_of_record
TN:
SF:src\dataStructures\linkedList\linkedListNode.ts
FN:10,(anonymous_0)
FN:15,(anonymous_1)
FNF:2
FNH:0
FNDA:0,(anonymous_0)
FNDA:0,(anonymous_1)
DA:7,0
DA:11,0
DA:12,0
DA:16,0
LF:4
LH:0
BRDA:10,0,0,0
BRDA:16,1,0,0
BRDA:16,1,1,0
BRF:3
BRH:0
end_of_record
TN:
SF:src\utils\Comparator.ts
FN:8,(anonymous_0)
FN:18,(anonymous_1)
FN:32,(anonymous_2)
FN:42,(anonymous_3)
FN:52,(anonymous_4)
FN:62,(anonymous_5)
FN:72,(anonymous_6)
FN:79,(anonymous_7)
FN:81,(anonymous_8)
FNF:9
FNH:0
FNDA:0,(anonymous_0)
FNDA:0,(anonymous_1)
FNDA:0,(anonymous_2)
FNDA:0,(anonymous_3)
FNDA:0,(anonymous_4)
FNDA:0,(anonymous_5)
FNDA:0,(anonymous_6)
FNDA:0,(anonymous_7)
FNDA:0,(anonymous_8)
DA:2,0
DA:9,0
DA:19,0
DA:20,0
DA:23,0
DA:33,0
DA:43,0
DA:53,0
DA:63,0
DA:73,0
DA:80,0
DA:81,0
LF:12
LH:0
BRDA:9,0,0,0
BRDA:9,0,1,0
BRDA:19,1,0,0
BRDA:23,2,0,0
BRDA:23,2,1,0
BRDA:63,3,0,0
BRDA:63,3,1,0
BRDA:73,4,0,0
BRDA:73,4,1,0
BRF:9
BRH:0
end_of_record
